2025-05-28 15:58:50,327 - semgrep.run_scan - DEBUG - semgrep version 1.2.0
2025-05-28 15:58:50,339 - semgrep.config_resolver - DEBUG - Loading local config from /home/runner/workspace/.config/.semgrep/semgrep_rules.json
2025-05-28 15:58:50,350 - semgrep.config_resolver - DEBUG - Done loading local config from /home/runner/workspace/.config/.semgrep/semgrep_rules.json
2025-05-28 15:58:50,354 - semgrep.config_resolver - DEBUG - Saving rules to /tmp/semgrep-jd0vabky.rules
2025-05-28 15:58:50,553 - semgrep.semgrep_core - DEBUG - Failed to open resource semgrep-core-proprietary: [Errno 2] No such file or directory: '/tmp/_MEIDR7AAW/semgrep/bin/semgrep-core-proprietary'.
2025-05-28 15:58:51,173 - semgrep.rule_lang - DEBUG - semgrep-core validation response: valid=True
2025-05-28 15:58:51,173 - semgrep.rule_lang - DEBUG - semgrep-core validation succeeded
2025-05-28 15:58:51,174 - semgrep.rule_lang - DEBUG - RPC validation succeeded
2025-05-28 15:58:51,174 - semgrep.config_resolver - DEBUG - loaded 1 configs in 0.83516526222229
2025-05-28 15:58:51,260 - semgrep.run_scan - VERBOSE - running 711 rules from 1 config /home/runner/workspace/.config/.semgrep/semgrep_rules.json_0
2025-05-28 15:58:51,261 - semgrep.run_scan - VERBOSE - No .semgrepignore found. Using default .semgrepignore rules. See the docs for the list of default ignores: https://semgrep.dev/docs/cli-usage/#ignore-files
2025-05-28 15:58:51,263 - semgrep.run_scan - VERBOSE - Rules:
2025-05-28 15:58:51,263 - semgrep.run_scan - VERBOSE - <SKIPPED DATA (too many entries; use --max-log-list-entries)>
2025-05-28 15:58:51,370 - semgrep.core_runner - DEBUG - Passing whole rules directly to semgrep_core
2025-05-28 15:58:51,460 - semgrep.core_runner - DEBUG - Running Semgrep engine with command:
2025-05-28 15:58:51,460 - semgrep.core_runner - DEBUG - /tmp/_MEIDR7AAW/semgrep/bin/opengrep-core -json -rules /tmp/tmp7dpcsaic.json -j 8 -targets /tmp/tmpm_1bbq6f -timeout 5 -timeout_threshold 3 -max_memory 0 -fast
2025-05-28 15:58:52,999 - semgrep.core_runner - DEBUG - --- semgrep-core stderr ---
[00.09][[34mINFO[0m]: Executed as: /tmp/_MEIDR7AAW/semgrep/bin/opengrep-core -json -rules /tmp/tmp7dpcsaic.json -j 8 -targets /tmp/tmpm_1bbq6f -timeout 5 -timeout_threshold 3 -max_memory 0 -fast
[00.09][[34mINFO[0m]: Version: 1.2.0
[00.09][[34mINFO[0m]: Parsing rules in /tmp/tmp7dpcsaic.json
[00.62][[34mINFO[0m]: scan: processing 18 files (skipping 0), with 524 rules (skipping 0 )
[01.49][[34mINFO[0m]: Custom ignore pattern: None
[01.49][[34mINFO[0m]: Custom ignore pattern: None
--- end semgrep-core stderr ---
2025-05-28 15:58:53,006 - semgrep.rule_match - DEBUG - match_key = ('', PosixPath('server.py'), 'config..semgrep.vendored-rules.python.flask.security.audit.avoid_app_run_with_bad_host') match_id = 8cb288866c4ac044bf27ffeaa2b5942fb393e71b178a7d1a485d7bab57e6c7e59d60cae63b1929878df74b3d0c2751068d48dc594fbf2a65ee7bf57ce71f43bc_0
2025-05-28 15:58:53,007 - semgrep.rule_match - DEBUG - match_key = ('app.run(..., "0.0.0.0", ...) app.run(..., host="0.0.0.0", ...)', PosixPath('server.py'), 'config..semgrep.vendored-rules.python.flask.security.audit.avoid_app_run_with_bad_host') match_id = 1b58db7717a0d99fb1eb6d61f400f6dfc00e44216578ceb97e6ff587f37c66dfaacadcc6b18f549d6e5375422eb545665084d03cdc624d9fa6c711c3c006dbe4_0
2025-05-28 15:58:53,007 - semgrep.rule_match - DEBUG - match_key = ('app.run(..., "0.0.0.0", ...) app.run(..., host="0.0.0.0", ...)', PosixPath('server.py'), 'config..semgrep.vendored-rules.python.flask.security.audit.avoid_app_run_with_bad_host') match_id = 1b58db7717a0d99fb1eb6d61f400f6dfc00e44216578ceb97e6ff587f37c66dfaacadcc6b18f549d6e5375422eb545665084d03cdc624d9fa6c711c3c006dbe4_0
2025-05-28 15:58:53,008 - semgrep.rule_match - DEBUG - match_key = ('app.run(..., "0.0.0.0", ...) app.run(..., host="0.0.0.0", ...)', PosixPath('server.py'), 'config..semgrep.vendored-rules.python.flask.security.audit.avoid_app_run_with_bad_host') match_id = 1b58db7717a0d99fb1eb6d61f400f6dfc00e44216578ceb97e6ff587f37c66dfaacadcc6b18f549d6e5375422eb545665084d03cdc624d9fa6c711c3c006dbe4_0
2025-05-28 15:58:53,011 - semgrep.core_runner - DEBUG - semgrep ran in 0:00:01.641270 on 8 files
2025-05-28 15:58:53,013 - semgrep.core_runner - DEBUG - findings summary: 1 warning, 0 error, 0 info
2025-05-28 15:58:53,016 - semgrep.app.auth - DEBUG - Getting API token from settings file
2025-05-28 15:58:53,016 - semgrep.app.auth - DEBUG - No API token found in settings file
2025-05-28 15:58:53,017 - semgrep.semgrep_core - DEBUG - Failed to open resource semgrep-core-proprietary: [Errno 2] No such file or directory: '/tmp/_MEIDR7AAW/semgrep/bin/semgrep-core-proprietary'.
2025-05-28 15:58:53,156 - semgrep.output - VERBOSE - 
========================================
Files skipped:
========================================

  Always skipped by Opengrep:

   • <none>

  Skipped by .gitignore:
  (Disable by passing --no-git-ignore)

   • <all files not listed by `git ls-files` were skipped>

  Skipped by .semgrepignore:
  - https://semgrep.dev/docs/ignoring-files-folders-code/#understand-semgrep-defaults

   • <none>

  Skipped by --include patterns:

   • <none>

  Skipped by --exclude patterns:

   • <none>

  Files skipped due to insufficient read permissions:

   • <none>

  Skipped by limiting to files smaller than 1000000 bytes:
  (Adjust with the --max-target-bytes flag)

   • <none>

  Partially analyzed due to parsing or internal Opengrep errors

   • <none>

2025-05-28 15:58:53,157 - semgrep.output - INFO - Some files were skipped or only partially analyzed.
  Scan was limited to files tracked by git.

Ran 487 rules on 8 files: 1 finding.
2025-05-28 15:58:53,157 - semgrep.app.version - DEBUG - Version cache does not exist
2025-05-28 15:58:53,172 - semgrep.metrics - VERBOSE - Not sending pseudonymous metrics since metrics are configured to OFF and registry usage is False
